c:\local_repos\_private\ike_gui\debug\mainwindow.obj
c:\local_repos\_private\ike_gui\debug\delegate.obj
c:\local_repos\_private\ike_gui\debug\paramprocessdata.obj
c:\local_repos\_private\ike_gui\debug\settingsdialog.obj
c:\local_repos\_private\ike_gui\debug\main.obj
c:\local_repos\_private\ike_gui\debug\freezetablewidget.obj
c:\local_repos\_private\ike_gui\debug\console.obj
c:\local_repos\_private\ike_gui\debug\vc142.pdb
c:\local_repos\_private\ike_gui\debug\qrc_ike_gui.obj
c:\local_repos\_private\ike_gui\debug\moc_settingsdialog.obj
c:\local_repos\_private\ike_gui\debug\moc_mainwindow.obj
c:\local_repos\_private\ike_gui\debug\moc_freezetablewidget.obj
c:\local_repos\_private\ike_gui\debug\moc_delegate.obj
c:\local_repos\_private\ike_gui\debug\moc_console.obj
c:\local_repos\_private\ike_gui\debug\moc_predefs.h
c:\local_repos\_private\ike_gui\ui_mainwindow.h
c:\local_repos\_private\ike_gui\ui_settingsdialog.h
c:\local_repos\_private\ike_gui\debug\qrc_ike_gui.cpp
c:\local_repos\_private\ike_gui\debug\moc_console.cpp
c:\local_repos\_private\ike_gui\debug\moc_mainwindow.cpp
c:\local_repos\_private\ike_gui\debug\moc_settingsdialog.cpp
c:\local_repos\_private\ike_gui\debug\moc_freezetablewidget.cpp
c:\local_repos\_private\ike_gui\debug\moc_delegate.cpp
c:\local_repos\_private\ike_gui\debug\ike_gui.exe
c:\local_repos\_private\ike_gui\debug\ike_gui.ilk
c:\local_repos\_private\ike_gui\debug\ike_gui.pdb
c:\local_repos\_private\ike_gui\debug\ike_gui.tlog\cl.command.1.tlog
c:\local_repos\_private\ike_gui\debug\ike_gui.tlog\cl.read.1.tlog
c:\local_repos\_private\ike_gui\debug\ike_gui.tlog\cl.write.1.tlog
c:\local_repos\_private\ike_gui\debug\ike_gui.tlog\custombuild.command.1.tlog
c:\local_repos\_private\ike_gui\debug\ike_gui.tlog\custombuild.read.1.tlog
c:\local_repos\_private\ike_gui\debug\ike_gui.tlog\custombuild.write.1.tlog
c:\local_repos\_private\ike_gui\debug\ike_gui.tlog\ike_gui.write.1u.tlog
c:\local_repos\_private\ike_gui\debug\ike_gui.tlog\link.command.1.tlog
c:\local_repos\_private\ike_gui\debug\ike_gui.tlog\link.read.1.tlog
c:\local_repos\_private\ike_gui\debug\ike_gui.tlog\link.write.1.tlog
c:\local_repos\_private\ike_gui\debug\ike_gui.tlog\moc.read.1u.tlog
c:\local_repos\_private\ike_gui\debug\ike_gui.tlog\moc.write.1u.tlog
c:\local_repos\_private\ike_gui\debug\ike_gui.tlog\rcc.read.1u.tlog
c:\local_repos\_private\ike_gui\debug\ike_gui.tlog\rcc.write.1u.tlog
c:\local_repos\_private\ike_gui\debug\ike_gui.tlog\uic.read.1u.tlog
c:\local_repos\_private\ike_gui\debug\ike_gui.tlog\uic.write.1u.tlog
