  Reading Qt configuration (C:/Qt/5.15.2/msvc2019/bin/qmake)
  Generate moc_predefs.h
C:\Program Files\Microsoft Visual Studio\2022\Community\MSBuild\Microsoft\VC\v160\Microsoft.CppCommon.targets(241,5): warning MSB8064: Custom build for item "debug\moc_predefs.h.cbt" succeeded, but specified dependency "c:\local_repos\_private\ike_gui\debug\moc_predefs.h.cbt" does not exist. This may cause incremental build to work incorrectly.
  console.cpp
  delegate.cpp
  freezetablewidget.cpp
  main.cpp
  mainwindow.cpp
  ParamProcessData.cpp
  settingsdialog.cpp
C:\local_repos\_private\ike_gui\src\delegate.cpp(69,68): warning C4100: 'option': unreferenced formal parameter
C:\local_repos\_private\ike_gui\src\delegate.cpp(110,63): warning C4100: 'index': unreferenced formal parameter
C:\local_repos\_private\ike_gui\src\delegate.cpp(117,23): warning C4100: 'index': unreferenced formal parameter
C:\local_repos\_private\ike_gui\src\delegate.cpp(116,60): warning C4100: 'option': unreferenced formal parameter
C:\local_repos\_private\ike_gui\src\delegate.cpp(122,38): warning C4100: 'val': unreferenced formal parameter
C:\local_repos\_private\ike_gui\src\mainwindow.cpp(133,9): warning C4189: 'rowCount': local variable is initialized but not referenced
C:\local_repos\_private\ike_gui\src\mainwindow.cpp(181,122): warning C4100: 'roles': unreferenced formal parameter
C:\local_repos\_private\ike_gui\src\mainwindow.cpp(181,89): warning C4100: 'bottomRight': unreferenced formal parameter
C:\local_repos\_private\ike_gui\src\mainwindow.cpp(333,18): warning C4101: 'usart_rx': unreferenced local variable
C:\local_repos\_private\ike_gui\src\mainwindow.cpp(395,65): warning C4100: 'data_idx': unreferenced formal parameter
  qrc_IKE_gui.cpp
  moc_console.cpp
  moc_delegate.cpp
  moc_freezetablewidget.cpp
  moc_settingsdialog.cpp
  moc_mainwindow.cpp
  IKE_gui.vcxproj -> C:\local_repos\_private\ike_gui\build\Debug\Win32\IKE_gui.exe
