  Reading Qt configuration (C:/Qt/5.15.2/msvc2019_64/bin/qmake)
  Generate moc_predefs.h
C:\Program Files\Microsoft Visual Studio\2022\Community\MSBuild\Microsoft\VC\v160\Microsoft.CppCommon.targets(241,5): warning MSB8064: Custom build for item "debug\moc_predefs.h.cbt" succeeded, but specified dependency "c:\local_repos\_private\ike_gui\debug\moc_predefs.h.cbt" does not exist. This may cause incremental build to work incorrectly.
  console.cpp
  delegate.cpp
  freezetablewidget.cpp
  main.cpp
  mainwindow.cpp
  ParamProcessData.cpp
  settingsdialog.cpp
C:\local_repos\_private\ike_gui\src\delegate.cpp(69,69): warning C4100: 'option': unreferenced formal parameter
C:\local_repos\_private\ike_gui\src\delegate.cpp(107,63): warning C4100: 'index': unreferenced formal parameter
C:\local_repos\_private\ike_gui\src\delegate.cpp(114,23): warning C4100: 'index': unreferenced formal parameter
C:\local_repos\_private\ike_gui\src\delegate.cpp(113,60): warning C4100: 'option': unreferenced formal parameter
C:\local_repos\_private\ike_gui\src\delegate.cpp(119,38): warning C4100: 'val': unreferenced formal parameter
C:\local_repos\_private\ike_gui\src\mainwindow.cpp(336,122): warning C4100: 'roles': unreferenced formal parameter
C:\local_repos\_private\ike_gui\src\mainwindow.cpp(336,89): warning C4100: 'bottomRight': unreferenced formal parameter
C:\local_repos\_private\ike_gui\src\mainwindow.cpp(591,77): warning C4100: 'address_length': unreferenced formal parameter
  qrc_IKE_gui.cpp
  moc_console.cpp
  moc_delegate.cpp
  moc_freezetablewidget.cpp
  moc_settingsdialog.cpp
  moc_mainwindow.cpp
  IKE_gui.vcxproj -> C:\local_repos\_private\ike_gui\build\Debug\x64\IKE_gui.exe
