c:\local_repos\_private\ike_gui\build\debug\x64\temp\vc142.pdb
c:\local_repos\_private\ike_gui\build\debug\x64\obj\qrc_ike_gui.obj
c:\local_repos\_private\ike_gui\build\debug\x64\obj\moc_settingsdialog.obj
c:\local_repos\_private\ike_gui\build\debug\x64\obj\moc_mainwindow.obj
c:\local_repos\_private\ike_gui\build\debug\x64\obj\moc_delegate.obj
c:\local_repos\_private\ike_gui\build\debug\x64\obj\moc_freezetablewidget.obj
c:\local_repos\_private\ike_gui\build\debug\x64\obj\moc_console.obj
c:\local_repos\_private\ike_gui\build\debug\x64\obj\main.obj
c:\local_repos\_private\ike_gui\build\debug\x64\obj\freezetablewidget.obj
c:\local_repos\_private\ike_gui\build\debug\x64\obj\console.obj
c:\local_repos\_private\ike_gui\build\debug\x64\obj\paramprocessdata.obj
c:\local_repos\_private\ike_gui\build\debug\x64\obj\delegate.obj
c:\local_repos\_private\ike_gui\build\debug\x64\obj\settingsdialog.obj
c:\local_repos\_private\ike_gui\debug\moc_predefs.h
c:\local_repos\_private\ike_gui\build\debug\x64\uic\ui_mainwindow.h
c:\local_repos\_private\ike_gui\build\debug\x64\uic\ui_settingsdialog.h
c:\local_repos\_private\ike_gui\build\debug\x64\rcc\qrc_ike_gui.cpp
c:\local_repos\_private\ike_gui\build\debug\x64\moc\moc_console.cpp
c:\local_repos\_private\ike_gui\build\debug\x64\moc\moc_delegate.cpp
c:\local_repos\_private\ike_gui\build\debug\x64\moc\moc_freezetablewidget.cpp
c:\local_repos\_private\ike_gui\build\debug\x64\moc\moc_settingsdialog.cpp
c:\local_repos\_private\ike_gui\build\debug\x64\moc\moc_mainwindow.cpp
c:\local_repos\_private\ike_gui\build\debug\x64\ike_gui.ilk
c:\local_repos\_private\ike_gui\build\debug\x64\ike_gui.exe
c:\local_repos\_private\ike_gui\build\debug\x64\ike_gui.pdb
c:\local_repos\_private\ike_gui\\build\debug\x64\moc\moc_mainwindow.cpp
c:\local_repos\_private\ike_gui\\build\debug\x64\rcc\qrc_ike_gui.cpp
c:\local_repos\_private\ike_gui\\build\debug\x64\uic\ui_mainwindow.h
c:\local_repos\_private\ike_gui\\build\debug\x64\ike_gui.pdb
c:\local_repos\_private\ike_gui\\build\debug\x64\ike_gui.ilk
c:\local_repos\_private\ike_gui\build\debug\x64\temp\ike_gui.tlog\cl.command.1.tlog
c:\local_repos\_private\ike_gui\build\debug\x64\temp\ike_gui.tlog\cl.read.1.tlog
c:\local_repos\_private\ike_gui\build\debug\x64\temp\ike_gui.tlog\cl.write.1.tlog
c:\local_repos\_private\ike_gui\build\debug\x64\temp\ike_gui.tlog\custombuild.command.1.tlog
c:\local_repos\_private\ike_gui\build\debug\x64\temp\ike_gui.tlog\custombuild.read.1.tlog
c:\local_repos\_private\ike_gui\build\debug\x64\temp\ike_gui.tlog\custombuild.write.1.tlog
c:\local_repos\_private\ike_gui\build\debug\x64\temp\ike_gui.tlog\ike_gui.write.1u.tlog
c:\local_repos\_private\ike_gui\build\debug\x64\temp\ike_gui.tlog\link.command.1.tlog
c:\local_repos\_private\ike_gui\build\debug\x64\temp\ike_gui.tlog\link.read.1.tlog
c:\local_repos\_private\ike_gui\build\debug\x64\temp\ike_gui.tlog\link.write.1.tlog
c:\local_repos\_private\ike_gui\build\debug\x64\temp\ike_gui.tlog\moc.read.1u.tlog
c:\local_repos\_private\ike_gui\build\debug\x64\temp\ike_gui.tlog\moc.write.1u.tlog
c:\local_repos\_private\ike_gui\build\debug\x64\temp\ike_gui.tlog\rcc.read.1u.tlog
c:\local_repos\_private\ike_gui\build\debug\x64\temp\ike_gui.tlog\rcc.write.1u.tlog
c:\local_repos\_private\ike_gui\build\debug\x64\temp\ike_gui.tlog\uic.read.1u.tlog
c:\local_repos\_private\ike_gui\build\debug\x64\temp\ike_gui.tlog\uic.write.1u.tlog
